2024-12-28T01:27:15.969+05:30  INFO 4304 --- [TradingJournal] [main] c.e.t.TradingJournalApplication          : Starting TradingJournalApplication using Java 22.0.2 with PID 4304 (D:\Placement\Java Learning\Spring Projects from Initializer\tradingjournal\tradingjournal\target\classes started by PIYUSH in D:\Placement\Java Learning\Spring Projects from Initializer\tradingjournal)
2024-12-28T01:27:15.970+05:30 DEBUG 4304 --- [TradingJournal] [main] c.e.t.TradingJournalApplication          : Running with Spring Boot v3.4.0, Spring v6.2.0
2024-12-28T01:27:15.971+05:30  INFO 4304 --- [TradingJournal] [main] c.e.t.TradingJournalApplication          : No active profile set, falling back to 1 default profile: "default"
2024-12-28T01:27:16.769+05:30  INFO 4304 --- [TradingJournal] [main] .s.d.r.c.RepositoryConfigurationDelegate : Bootstrapping Spring Data JPA repositories in DEFAULT mode.
2024-12-28T01:27:16.805+05:30  INFO 4304 --- [TradingJournal] [main] .s.d.r.c.RepositoryConfigurationDelegate : Finished Spring Data repository scanning in 29 ms. Found 4 JPA repository interfaces.
2024-12-28T01:27:17.249+05:30  INFO 4304 --- [TradingJournal] [main] o.s.b.w.embedded.tomcat.TomcatWebServer  : Tomcat initialized with port 8080 (http)
2024-12-28T01:27:17.258+05:30  INFO 4304 --- [TradingJournal] [main] o.apache.catalina.core.StandardService   : Starting service [Tomcat]
2024-12-28T01:27:17.258+05:30  INFO 4304 --- [TradingJournal] [main] o.apache.catalina.core.StandardEngine    : Starting Servlet engine: [Apache Tomcat/10.1.33]
2024-12-28T01:27:17.291+05:30  INFO 4304 --- [TradingJournal] [main] o.a.c.c.C.[Tomcat].[localhost].[/]       : Initializing Spring embedded WebApplicationContext
2024-12-28T01:27:17.292+05:30  INFO 4304 --- [TradingJournal] [main] w.s.c.ServletWebServerApplicationContext : Root WebApplicationContext: initialization completed in 1291 ms
2024-12-28T01:27:17.398+05:30 DEBUG 4304 --- [TradingJournal] [main] o.s.w.f.ServerHttpObservationFilter      : Filter 'webMvcObservationFilter' configured for use
2024-12-28T01:27:17.493+05:30  INFO 4304 --- [TradingJournal] [main] o.hibernate.jpa.internal.util.LogHelper  : HHH000204: Processing PersistenceUnitInfo [name: default]
2024-12-28T01:27:17.527+05:30  INFO 4304 --- [TradingJournal] [main] org.hibernate.Version                    : HHH000412: Hibernate ORM core version 6.6.2.Final
2024-12-28T01:27:17.546+05:30  INFO 4304 --- [TradingJournal] [main] o.h.c.internal.RegionFactoryInitiator    : HHH000026: Second-level cache disabled
2024-12-28T01:27:17.699+05:30  INFO 4304 --- [TradingJournal] [main] o.s.o.j.p.SpringPersistenceUnitInfo      : No LoadTimeWeaver setup: ignoring JPA class transformer
2024-12-28T01:27:17.718+05:30  INFO 4304 --- [TradingJournal] [main] com.zaxxer.hikari.HikariDataSource       : HikariPool-1 - Starting...
2024-12-28T01:27:17.924+05:30  INFO 4304 --- [TradingJournal] [main] com.zaxxer.hikari.pool.HikariPool        : HikariPool-1 - Added connection com.mysql.cj.jdbc.ConnectionImpl@54d2f5d3
2024-12-28T01:27:17.925+05:30  INFO 4304 --- [TradingJournal] [main] com.zaxxer.hikari.HikariDataSource       : HikariPool-1 - Start completed.
2024-12-28T01:27:17.973+05:30  INFO 4304 --- [TradingJournal] [main] org.hibernate.orm.connections.pooling    : HHH10001005: Database info:
	Database JDBC URL [Connecting through datasource 'HikariDataSource (HikariPool-1)']
	Database driver: undefined/unknown
	Database version: 9.1
	Autocommit mode: undefined/unknown
	Isolation level: undefined/unknown
	Minimum pool size: undefined/unknown
	Maximum pool size: undefined/unknown
2024-12-28T01:27:18.542+05:30  INFO 4304 --- [TradingJournal] [main] o.h.e.t.j.p.i.JtaPlatformInitiator       : HHH000489: No JTA platform available (set 'hibernate.transaction.jta.platform' to enable JTA platform integration)
2024-12-28T01:27:18.587+05:30  INFO 4304 --- [TradingJournal] [main] j.LocalContainerEntityManagerFactoryBean : Initialized JPA EntityManagerFactory for persistence unit 'default'
2024-12-28T01:27:18.756+05:30  INFO 4304 --- [TradingJournal] [main] o.s.d.j.r.query.QueryEnhancerFactory     : Hibernate is in classpath; If applicable, HQL parser will be used.
2024-12-28T01:27:18.850+05:30  WARN 4304 --- [TradingJournal] [main] JpaBaseConfiguration$JpaWebConfiguration : spring.jpa.open-in-view is enabled by default. Therefore, database queries may be performed during view rendering. Explicitly configure spring.jpa.open-in-view to disable this warning
2024-12-28T01:27:18.881+05:30  WARN 4304 --- [TradingJournal] [main] .s.s.UserDetailsServiceAutoConfiguration : 

Using generated security password: d651fbbf-aa69-4715-a303-1c07c963d1c8

This generated password is for development use only. Your security configuration must be updated before running your application in production.

2024-12-28T01:27:18.892+05:30  INFO 4304 --- [TradingJournal] [main] r$InitializeUserDetailsManagerConfigurer : Global AuthenticationManager configured with UserDetailsService bean with name inMemoryUserDetailsManager
2024-12-28T01:27:19.036+05:30 DEBUG 4304 --- [TradingJournal] [main] s.w.s.m.m.a.RequestMappingHandlerMapping : 20 mappings in 'requestMappingHandlerMapping'
2024-12-28T01:27:19.076+05:30 DEBUG 4304 --- [TradingJournal] [main] o.s.w.s.handler.SimpleUrlHandlerMapping  : Patterns [/webjars/**, /**] in 'resourceHandlerMapping'
2024-12-28T01:27:19.106+05:30 DEBUG 4304 --- [TradingJournal] [main] s.w.s.m.m.a.RequestMappingHandlerAdapter : ControllerAdvice beans: 0 @ModelAttribute, 0 @InitBinder, 1 RequestBodyAdvice, 1 ResponseBodyAdvice
2024-12-28T01:27:19.137+05:30  WARN 4304 --- [TradingJournal] [main] ion$DefaultTemplateResolverConfiguration : Cannot find template location: classpath:/templates/ (please add some templates, check your Thymeleaf configuration, or set spring.thymeleaf.check-template-location=false)
2024-12-28T01:27:19.160+05:30 DEBUG 4304 --- [TradingJournal] [main] .m.m.a.ExceptionHandlerExceptionResolver : ControllerAdvice beans: 1 @ExceptionHandler, 1 ResponseBodyAdvice
2024-12-28T01:27:19.437+05:30  INFO 4304 --- [TradingJournal] [main] o.s.b.a.e.web.EndpointLinksResolver      : Exposing 1 endpoint beneath base path '/actuator'
2024-12-28T01:27:19.516+05:30  INFO 4304 --- [TradingJournal] [main] o.s.b.w.embedded.tomcat.TomcatWebServer  : Tomcat started on port 8080 (http) with context path '/'
2024-12-28T01:27:19.524+05:30  INFO 4304 --- [TradingJournal] [main] c.e.t.TradingJournalApplication          : Started TradingJournalApplication in 3.839 seconds (process running for 4.828)
2024-12-28T01:27:19.954+05:30  INFO 4304 --- [TradingJournal] [RMI TCP Connection(1)-192.168.0.100] o.a.c.c.C.[Tomcat].[localhost].[/]       : Initializing Spring DispatcherServlet 'dispatcherServlet'
2024-12-28T01:27:19.955+05:30  INFO 4304 --- [TradingJournal] [RMI TCP Connection(1)-192.168.0.100] o.s.web.servlet.DispatcherServlet        : Initializing Servlet 'dispatcherServlet'
2024-12-28T01:27:19.955+05:30 DEBUG 4304 --- [TradingJournal] [RMI TCP Connection(1)-192.168.0.100] o.s.web.servlet.DispatcherServlet        : Detected StandardServletMultipartResolver
2024-12-28T01:27:19.955+05:30 DEBUG 4304 --- [TradingJournal] [RMI TCP Connection(1)-192.168.0.100] o.s.web.servlet.DispatcherServlet        : Detected AcceptHeaderLocaleResolver
2024-12-28T01:27:19.955+05:30 DEBUG 4304 --- [TradingJournal] [RMI TCP Connection(1)-192.168.0.100] o.s.web.servlet.DispatcherServlet        : Detected FixedThemeResolver
2024-12-28T01:27:19.956+05:30 DEBUG 4304 --- [TradingJournal] [RMI TCP Connection(1)-192.168.0.100] o.s.web.servlet.DispatcherServlet        : Detected org.springframework.web.servlet.view.DefaultRequestToViewNameTranslator@64f34c91
2024-12-28T01:27:19.957+05:30 DEBUG 4304 --- [TradingJournal] [RMI TCP Connection(1)-192.168.0.100] o.s.web.servlet.DispatcherServlet        : Detected org.springframework.web.servlet.support.SessionFlashMapManager@2ce7d43
2024-12-28T01:27:19.957+05:30 DEBUG 4304 --- [TradingJournal] [RMI TCP Connection(1)-192.168.0.100] o.s.web.servlet.DispatcherServlet        : enableLoggingRequestDetails='false': request parameters and headers will be masked to prevent unsafe logging of potentially sensitive data
2024-12-28T01:27:19.957+05:30  INFO 4304 --- [TradingJournal] [RMI TCP Connection(1)-192.168.0.100] o.s.web.servlet.DispatcherServlet        : Completed initialization in 2 ms
2024-12-28T01:29:04.705+05:30 DEBUG 4304 --- [TradingJournal] [http-nio-8080-exec-2] o.s.web.servlet.DispatcherServlet        : POST "/users/authenticate_login", parameters={}
2024-12-28T01:29:04.706+05:30 DEBUG 4304 --- [TradingJournal] [http-nio-8080-exec-2] s.w.s.m.m.a.RequestMappingHandlerMapping : Mapped to com.example.tradingjournal.Controller.UserController#authenticateLogin(UserDTO)
2024-12-28T01:29:04.746+05:30 DEBUG 4304 --- [TradingJournal] [http-nio-8080-exec-2] m.m.a.RequestResponseBodyMethodProcessor : Read "application/json;charset=UTF-8" to [com.example.tradingjournal.DTO.UserDTO@516f9e26]
2024-12-28T01:29:04.751+05:30  INFO 4304 --- [TradingJournal] [http-nio-8080-exec-2] c.e.t.Controller.UserController          : authenticate_login
2024-12-28T01:29:04.751+05:30  INFO 4304 --- [TradingJournal] [http-nio-8080-exec-2] c.e.t.Controller.UserController          : Email: piyushzade00@gmail.com
2024-12-28T01:29:04.752+05:30  INFO 4304 --- [TradingJournal] [http-nio-8080-exec-2] c.e.t.Controller.UserController          : Password: Piyush
2024-12-28T01:29:04.859+05:30 DEBUG 4304 --- [TradingJournal] [http-nio-8080-exec-2] o.s.w.s.m.m.a.HttpEntityMethodProcessor  : Using 'application/json', given [application/json, text/plain, */*] and supported [application/json, application/*+json]
2024-12-28T01:29:04.860+05:30 DEBUG 4304 --- [TradingJournal] [http-nio-8080-exec-2] o.s.w.s.m.m.a.HttpEntityMethodProcessor  : Writing [com.example.tradingjournal.JwtResponse@2eb15acf]
2024-12-28T01:29:04.864+05:30 DEBUG 4304 --- [TradingJournal] [http-nio-8080-exec-2] o.s.web.servlet.DispatcherServlet        : Completed 200 OK
2024-12-28T01:30:07.025+05:30  INFO 4304 --- [TradingJournal] [SpringApplicationShutdownHook] o.s.b.w.e.tomcat.GracefulShutdown        : Commencing graceful shutdown. Waiting for active requests to complete
2024-12-28T01:30:07.029+05:30  INFO 4304 --- [TradingJournal] [tomcat-shutdown] o.s.b.w.e.tomcat.GracefulShutdown        : Graceful shutdown complete
2024-12-28T01:30:07.032+05:30  INFO 4304 --- [TradingJournal] [SpringApplicationShutdownHook] j.LocalContainerEntityManagerFactoryBean : Closing JPA EntityManagerFactory for persistence unit 'default'
2024-12-28T01:30:07.034+05:30  INFO 4304 --- [TradingJournal] [SpringApplicationShutdownHook] com.zaxxer.hikari.HikariDataSource       : HikariPool-1 - Shutdown initiated...
2024-12-28T01:30:07.041+05:30  INFO 4304 --- [TradingJournal] [SpringApplicationShutdownHook] com.zaxxer.hikari.HikariDataSource       : HikariPool-1 - Shutdown completed.
